<?xml version="1.0" encoding="UTF-8"?>
<!-- Generated by org.testng.reporters.JUnitReportReporter -->
<testsuite hostname="Nividous_PC" failures="0" tests="2" name="com.Nividous.QA.ControlCenter.SmokeTestSuite" time="31.988" errors="0" timestamp="2021-10-25T20:06:39 IST" skipped="0">
  <testcase classname="com.Nividous.QA.ControlCenter.SmokeTestSuite" name="scheduleAdvanced_014" time="26.516"/>
  <system-out/>
  <testcase classname="com.Nividous.QA.ControlCenter.SmokeTestSuite" name="scheduleAdvanced_014" time="5.472"/>
  <system-out/>
</testsuite> <!-- com.Nividous.QA.ControlCenter.SmokeTestSuite -->
